0 info it worked if it ends with ok
1 verbose cli [ 'node', '/usr/local/bin/npm', 'install' ]
2 info using npm@1.4.28
3 info using node@v0.10.35
4 verbose readDependencies using package.json deps
5 verbose install where, deps [ '/Users/liangchuangu/Development/Web/MySite',
5 verbose install   [ 'backbone',
5 verbose install     'express',
5 verbose install     'path',
5 verbose install     'mongoose',
5 verbose install     'jquery',
5 verbose install     'requirejs',
5 verbose install     'requirejs-text',
5 verbose install     'underscore',
5 verbose install     'polymer' ] ]
6 info preinstall package.json@1.0.0
7 warn package.json path@0.4.10 path is also the name of a node core module.
8 verbose readDependencies using package.json deps
9 verbose already installed skipping backbone@^1.1.2 /Users/liangchuangu/Development/Web/MySite
10 verbose already installed skipping express@~3.1.0 /Users/liangchuangu/Development/Web/MySite
11 verbose already installed skipping path@~0.4.9 /Users/liangchuangu/Development/Web/MySite
12 verbose already installed skipping mongoose@~3.5.5 /Users/liangchuangu/Development/Web/MySite
13 verbose already installed skipping jquery@^2.1.3 /Users/liangchuangu/Development/Web/MySite
14 verbose already installed skipping requirejs@^2.1.15 /Users/liangchuangu/Development/Web/MySite
15 verbose already installed skipping requirejs-text@^2.0.12 /Users/liangchuangu/Development/Web/MySite
16 verbose already installed skipping underscore@^1.7.0 /Users/liangchuangu/Development/Web/MySite
17 verbose cache add [ 'polymer@^0.5.5', null ]
18 verbose cache add name=undefined spec="polymer@^0.5.5" args=["polymer@^0.5.5",null]
19 verbose parsed url { protocol: null,
19 verbose parsed url   slashes: null,
19 verbose parsed url   auth: null,
19 verbose parsed url   host: null,
19 verbose parsed url   port: null,
19 verbose parsed url   hostname: null,
19 verbose parsed url   hash: null,
19 verbose parsed url   search: null,
19 verbose parsed url   query: null,
19 verbose parsed url   pathname: 'polymer@^0.5.5',
19 verbose parsed url   path: 'polymer@^0.5.5',
19 verbose parsed url   href: 'polymer@^0.5.5' }
20 verbose cache add name="polymer" spec="^0.5.5" args=["polymer","^0.5.5"]
21 verbose parsed url { protocol: null,
21 verbose parsed url   slashes: null,
21 verbose parsed url   auth: null,
21 verbose parsed url   host: null,
21 verbose parsed url   port: null,
21 verbose parsed url   hostname: null,
21 verbose parsed url   hash: null,
21 verbose parsed url   search: null,
21 verbose parsed url   query: null,
21 verbose parsed url   pathname: '^0.5.5',
21 verbose parsed url   path: '^0.5.5',
21 verbose parsed url   href: '^0.5.5' }
22 verbose addNamed [ 'polymer', '^0.5.5' ]
23 verbose addNamed [ null, '>=0.5.5-0 <0.6.0-0' ]
24 silly lockFile 475e2588-polymer-0-5-5 polymer@^0.5.5
25 verbose lock polymer@^0.5.5 /Users/liangchuangu/.npm/475e2588-polymer-0-5-5.lock
26 silly addNameRange { name: 'polymer', range: '>=0.5.5-0 <0.6.0-0', hasData: false }
27 verbose request where is /polymer
28 verbose request registry https://registry.npmjs.org/
29 verbose request id cdd9823292ab25b0
30 verbose url raw /polymer
31 verbose url resolving [ 'https://registry.npmjs.org/', './polymer' ]
32 verbose url resolved https://registry.npmjs.org/polymer
33 verbose request where is https://registry.npmjs.org/polymer
34 info trying registry request attempt 1 at 22:07:09
35 verbose etag "74U89XAO3WSFPMN0KHPCOU17V"
36 http GET https://registry.npmjs.org/polymer
37 http 304 https://registry.npmjs.org/polymer
38 silly registry.get cb [ 304,
38 silly registry.get   { date: 'Tue, 03 Mar 2015 22:07:08 GMT',
38 silly registry.get     server: 'Apache',
38 silly registry.get     via: '1.1 varnish',
38 silly registry.get     'last-modified': 'Tue, 03 Mar 2015 22:07:08 GMT',
38 silly registry.get     'cache-control': 'max-age=60',
38 silly registry.get     etag: '"74U89XAO3WSFPMN0KHPCOU17V"',
38 silly registry.get     age: '0',
38 silly registry.get     'x-served-by': 'cache-lhr6320-LHR',
38 silly registry.get     'x-cache': 'HIT',
38 silly registry.get     'x-cache-hits': '1',
38 silly registry.get     'x-timer': 'S1425420428.102390,VS0,VE88',
38 silly registry.get     vary: 'Accept',
38 silly registry.get     'content-length': '0',
38 silly registry.get     'keep-alive': 'timeout=10, max=50',
38 silly registry.get     connection: 'Keep-Alive' } ]
39 verbose etag https://registry.npmjs.org/polymer from cache
40 silly addNameRange number 2 { name: 'polymer', range: '>=0.5.5-0 <0.6.0-0', hasData: true }
41 silly addNameRange versions [ 'polymer',
41 silly addNameRange   [ '0.1.0',
41 silly addNameRange     '0.2.0',
41 silly addNameRange     '0.3.0',
41 silly addNameRange     '0.3.1',
41 silly addNameRange     '0.3.2',
41 silly addNameRange     '0.3.3',
41 silly addNameRange     '0.3.4',
41 silly addNameRange     '0.3.5',
41 silly addNameRange     '0.3.6',
41 silly addNameRange     '0.3.7',
41 silly addNameRange     '0.3.8',
41 silly addNameRange     '0.3.9',
41 silly addNameRange     '0.3.10',
41 silly addNameRange     '0.3.11',
41 silly addNameRange     '0.4.0',
41 silly addNameRange     '0.4.1' ] ]
42 silly lockFile 475e2588-polymer-0-5-5 polymer@^0.5.5
43 silly lockFile 475e2588-polymer-0-5-5 polymer@^0.5.5
44 error notarget No compatible version found: polymer@'>=0.5.5-0 <0.6.0-0'
44 error notarget Valid install targets:
44 error notarget ["0.1.0","0.2.0","0.3.0","0.3.1","0.3.2","0.3.3","0.3.4","0.3.5","0.3.6","0.3.7","0.3.8","0.3.9","0.3.10","0.3.11","0.4.0","0.4.1"]
44 error notarget
44 error notarget This is most likely not a problem with npm itself.
44 error notarget In most cases you or one of your dependencies are requesting
44 error notarget a package version that doesn't exist.
45 error System Darwin 14.1.0
46 error command "node" "/usr/local/bin/npm" "install"
47 error cwd /Users/liangchuangu/Development/Web/MySite
48 error node -v v0.10.35
49 error npm -v 1.4.28
50 error code ETARGET
51 verbose exit [ 1, true ]
